# JRE version: OpenJDK Runtime Environment Temurin-17.0.6+10 (17.0.6+10) (build 17.0.6+10)
# Java VM: OpenJDK 64-Bit Server VM Temurin-17.0.6+10 (17.0.6+10, mixed mode, tiered, compressed oops, compressed class ptrs, parallel gc, linux-amd64)
GC Precious Log:
 CPUs: 12 total, 12 available
 Memory: 15845M
 Large Page Support: Disabled
 NUMA Support: Disabled
 Compressed Oops: Enabled (32-bit)
 Alignments: Space 512K, Generation 512K, Heap 2M
 Heap Min Capacity: 100M
 Heap Initial Capacity: 100M
 Heap Max Capacity: 1G
 Pre-touch: Disabled
 Parallel Workers: 10
Heap:
 PSYoungGen      total 4096K, used 4084K [0x00000000eab00000, 0x00000000eb200000, 0x0000000100000000)
  eden space 3584K, 100% used [0x00000000eab00000,0x00000000eae80000,0x00000000eae80000)
  from space 512K, 97% used [0x00000000eb000000,0x00000000eb07d200,0x00000000eb080000)
  to   space 1536K, 41% used [0x00000000eae80000,0x00000000eaf20000,0x00000000eb000000)
 ParOldGen       total 379904K, used 344603K [0x00000000c0000000, 0x00000000d7300000, 0x00000000eab00000)
  object space 379904K, 90% used [0x00000000c0000000,0x00000000d5086cf0,0x00000000d7300000)
 Metaspace       used 100040K, committed 101312K, reserved 1146880K
  class space    used 10030K, committed 10624K, reserved 1048576K
GC Heap History (20 events):
Event: 69010.213 GC heap after
{Heap after GC invocations=6015 (full 209):
 PSYoungGen      total 4608K, used 346K [0x00000000eab00000, 0x00000000eb080000, 0x0000000100000000)
  eden space 4096K, 0% used [0x00000000eab00000,0x00000000eab00000,0x00000000eaf00000)
  from space 512K, 67% used [0x00000000eaf80000,0x00000000eafd6900,0x00000000eb000000)
  to   space 512K, 0% used [0x00000000eb000000,0x00000000eb000000,0x00000000eb080000)
 ParOldGen       total 408064K, used 405968K [0x00000000c0000000, 0x00000000d8e80000, 0x00000000eab00000)
  object space 408064K, 99% used [0x00000000c0000000,0x00000000d8c74338,0x00000000d8e80000)
 Metaspace       used 100040K, committed 101312K, reserved 1146880K
  class space    used 10030K, committed 10624K, reserved 1048576K
}
Event: 69010.418 GC heap before
{Heap before GC invocations=6016 (full 209):
 PSYoungGen      total 4608K, used 4442K [0x00000000eab00000, 0x00000000eb080000, 0x0000000100000000)
  eden space 4096K, 99% used [0x00000000eab00000,0x00000000eaeffff8,0x00000000eaf00000)
  from space 512K, 67% used [0x00000000eaf80000,0x00000000eafd6900,0x00000000eb000000)
  to   space 512K, 0% used [0x00000000eb000000,0x00000000eb000000,0x00000000eb080000)
 ParOldGen       total 408064K, used 405968K [0x00000000c0000000, 0x00000000d8e80000, 0x00000000eab00000)
  object space 408064K, 99% used [0x00000000c0000000,0x00000000d8c74338,0x00000000d8e80000)
 Metaspace       used 100040K, committed 101312K, reserved 1146880K
  class space    used 10030K, committed 10624K, reserved 1048576K
}
Event: 69010.421 GC heap after
{Heap after GC invocations=6016 (full 209):
 PSYoungGen      total 4608K, used 512K [0x00000000eab00000, 0x00000000eb100000, 0x0000000100000000)
  eden space 4096K, 0% used [0x00000000eab00000,0x00000000eab00000,0x00000000eaf00000)
  from space 512K, 100% used [0x00000000eb000000,0x00000000eb080000,0x00000000eb080000)
  to   space 1024K, 0% used [0x00000000eaf00000,0x00000000eaf00000,0x00000000eb000000)
 ParOldGen       total 408064K, used 406157K [0x00000000c0000000, 0x00000000d8e80000, 0x00000000eab00000)
  object space 408064K, 99% used [0x00000000c0000000,0x00000000d8ca3558,0x00000000d8e80000)
 Metaspace       used 100040K, committed 101312K, reserved 1146880K
  class space    used 10030K, committed 10624K, reserved 1048576K
}
Event: 69010.442 GC heap before
{Heap before GC invocations=6017 (full 209):
 PSYoungGen      total 4608K, used 4608K [0x00000000eab00000, 0x00000000eb100000, 0x0000000100000000)
  eden space 4096K, 100% used [0x00000000eab00000,0x00000000eaf00000,0x00000000eaf00000)
  from space 512K, 100% used [0x00000000eb000000,0x00000000eb080000,0x00000000eb080000)
  to   space 1024K, 0% used [0x00000000eaf00000,0x00000000eaf00000,0x00000000eb000000)
 ParOldGen       total 408064K, used 406157K [0x00000000c0000000, 0x00000000d8e80000, 0x00000000eab00000)
  object space 408064K, 99% used [0x00000000c0000000,0x00000000d8ca3558,0x00000000d8e80000)
 Metaspace       used 100040K, committed 101312K, reserved 1146880K
  class space    used 10030K, committed 10624K, reserved 1048576K
}
Event: 69010.444 GC heap after
{Heap after GC invocations=6017 (full 209):
 PSYoungGen      total 5120K, used 426K [0x00000000eab00000, 0x00000000eb100000, 0x0000000100000000)
  eden space 4096K, 0% used [0x00000000eab00000,0x00000000eab00000,0x00000000eaf00000)
  from space 1024K, 41% used [0x00000000eaf00000,0x00000000eaf6a910,0x00000000eb000000)
  to   space 1024K, 0% used [0x00000000eb000000,0x00000000eb000000,0x00000000eb100000)
 ParOldGen       total 408064K, used 406549K [0x00000000c0000000, 0x00000000d8e80000, 0x00000000eab00000)
  object space 408064K, 99% used [0x00000000c0000000,0x00000000d8d05558,0x00000000d8e80000)
 Metaspace       used 100040K, committed 101312K, reserved 1146880K
  class space    used 10030K, committed 10624K, reserved 1048576K
}
Event: 69010.454 GC heap before
{Heap before GC invocations=6018 (full 209):
 PSYoungGen      total 5120K, used 4522K [0x00000000eab00000, 0x00000000eb100000, 0x0000000100000000)
  eden space 4096K, 100% used [0x00000000eab00000,0x00000000eaf00000,0x00000000eaf00000)
  from space 1024K, 41% used [0x00000000eaf00000,0x00000000eaf6a910,0x00000000eb000000)
  to   space 1024K, 0% used [0x00000000eb000000,0x00000000eb000000,0x00000000eb100000)
 ParOldGen       total 408064K, used 406549K [0x00000000c0000000, 0x00000000d8e80000, 0x00000000eab00000)
  object space 408064K, 99% used [0x00000000c0000000,0x00000000d8d05558,0x00000000d8e80000)
 Metaspace       used 100040K, committed 101312K, reserved 1146880K
  class space    used 10030K, committed 10624K, reserved 1048576K
}
Event: 69010.455 GC heap after
{Heap after GC invocations=6018 (full 209):
 PSYoungGen      total 5120K, used 896K [0x00000000eab00000, 0x00000000eb100000, 0x0000000100000000)
  eden space 4096K, 0% used [0x00000000eab00000,0x00000000eab00000,0x00000000eaf00000)
  from space 1024K, 87% used [0x00000000eb000000,0x00000000eb0e0000,0x00000000eb100000)
  to   space 1024K, 0% used [0x00000000eaf00000,0x00000000eaf00000,0x00000000eb000000)
 ParOldGen       total 408064K, used 406865K [0x00000000c0000000, 0x00000000d8e80000, 0x00000000eab00000)
  object space 408064K, 99% used [0x00000000c0000000,0x00000000d8d54778,0x00000000d8e80000)
 Metaspace       used 100040K, committed 101312K, reserved 1146880K
  class space    used 10030K, committed 10624K, reserved 1048576K
}
Event: 69010.462 GC heap before
{Heap before GC invocations=6019 (full 209):
 PSYoungGen      total 5120K, used 4992K [0x00000000eab00000, 0x00000000eb100000, 0x0000000100000000)
  eden space 4096K, 100% used [0x00000000eab00000,0x00000000eaf00000,0x00000000eaf00000)
  from space 1024K, 87% used [0x00000000eb000000,0x00000000eb0e0000,0x00000000eb100000)
  to   space 1024K, 0% used [0x00000000eaf00000,0x00000000eaf00000,0x00000000eb000000)
 ParOldGen       total 408064K, used 406865K [0x00000000c0000000, 0x00000000d8e80000, 0x00000000eab00000)
  object space 408064K, 99% used [0x00000000c0000000,0x00000000d8d54778,0x00000000d8e80000)
 Metaspace       used 100040K, committed 101312K, reserved 1146880K
  class space    used 10030K, committed 10624K, reserved 1048576K
}
Event: 69010.464 GC heap after
{Heap after GC invocations=6019 (full 209):
 PSYoungGen      total 5120K, used 650K [0x00000000eab00000, 0x00000000eb100000, 0x0000000100000000)
  eden space 4096K, 0% used [0x00000000eab00000,0x00000000eab00000,0x00000000eaf00000)
  from space 1024K, 63% used [0x00000000eaf00000,0x00000000eafa2910,0x00000000eb000000)
  to   space 1024K, 0% used [0x00000000eb000000,0x00000000eb000000,0x00000000eb100000)
 ParOldGen       total 408064K, used 407644K [0x00000000c0000000, 0x00000000d8e80000, 0x00000000eab00000)
  object space 408064K, 99% used [0x00000000c0000000,0x00000000d8e17098,0x00000000d8e80000)
 Metaspace       used 100040K, committed 101312K, reserved 1146880K
  class space    used 10030K, committed 10624K, reserved 1048576K
}
Event: 69010.465 GC heap before
{Heap before GC invocations=6020 (full 210):
 PSYoungGen      total 5120K, used 650K [0x00000000eab00000, 0x00000000eb100000, 0x0000000100000000)
  eden space 4096K, 0% used [0x00000000eab00000,0x00000000eab00000,0x00000000eaf00000)
  from space 1024K, 63% used [0x00000000eaf00000,0x00000000eafa2910,0x00000000eb000000)
  to   space 1024K, 0% used [0x00000000eb000000,0x00000000eb000000,0x00000000eb100000)
 ParOldGen       total 408064K, used 407644K [0x00000000c0000000, 0x00000000d8e80000, 0x00000000eab00000)
  object space 408064K, 99% used [0x00000000c0000000,0x00000000d8e17098,0x00000000d8e80000)
 Metaspace       used 100040K, committed 101312K, reserved 1146880K
  class space    used 10030K, committed 10624K, reserved 1048576K
}
Event: 69010.548 GC heap after
{Heap after GC invocations=6020 (full 210):
 PSYoungGen      total 5120K, used 0K [0x00000000eab00000, 0x00000000eb100000, 0x0000000100000000)
  eden space 4096K, 0% used [0x00000000eab00000,0x00000000eab00000,0x00000000eaf00000)
  from space 1024K, 0% used [0x00000000eb000000,0x00000000eb000000,0x00000000eb100000)
  to   space 1024K, 0% used [0x00000000eaf00000,0x00000000eaf00000,0x00000000eb000000)
 ParOldGen       total 379904K, used 342649K [0x00000000c0000000, 0x00000000d7300000, 0x00000000eab00000)
  object space 379904K, 90% used [0x00000000c0000000,0x00000000d4e9e468,0x00000000d7300000)
 Metaspace       used 100040K, committed 101312K, reserved 1146880K
  class space    used 10030K, committed 10624K, reserved 1048576K
}
Event: 69010.554 GC heap before
{Heap before GC invocations=6021 (full 210):
 PSYoungGen      total 5120K, used 4096K [0x00000000eab00000, 0x00000000eb100000, 0x0000000100000000)
  eden space 4096K, 100% used [0x00000000eab00000,0x00000000eaf00000,0x00000000eaf00000)
  from space 1024K, 0% used [0x00000000eb000000,0x00000000eb000000,0x00000000eb100000)
  to   space 1024K, 0% used [0x00000000eaf00000,0x00000000eaf00000,0x00000000eb000000)
 ParOldGen       total 379904K, used 342649K [0x00000000c0000000, 0x00000000d7300000, 0x00000000eab00000)
  object space 379904K, 90% used [0x00000000c0000000,0x00000000d4e9e468,0x00000000d7300000)
 Metaspace       used 100040K, committed 101312K, reserved 1146880K
  class space    used 10030K, committed 10624K, reserved 1048576K
}
Event: 69010.555 GC heap after
{Heap after GC invocations=6021 (full 210):
 PSYoungGen      total 5120K, used 672K [0x00000000eab00000, 0x00000000eb100000, 0x0000000100000000)
  eden space 4096K, 0% used [0x00000000eab00000,0x00000000eab00000,0x00000000eaf00000)
  from space 1024K, 65% used [0x00000000eaf00000,0x00000000eafa8000,0x00000000eb000000)
  to   space 1024K, 0% used [0x00000000eb000000,0x00000000eb000000,0x00000000eb100000)
 ParOldGen       total 379904K, used 342649K [0x00000000c0000000, 0x00000000d7300000, 0x00000000eab00000)
  object space 379904K, 90% used [0x00000000c0000000,0x00000000d4e9e468,0x00000000d7300000)
 Metaspace       used 100040K, committed 101312K, reserved 1146880K
  class space    used 10030K, committed 10624K, reserved 1048576K
}
Event: 69010.560 GC heap before
{Heap before GC invocations=6022 (full 210):
 PSYoungGen      total 5120K, used 4768K [0x00000000eab00000, 0x00000000eb100000, 0x0000000100000000)
  eden space 4096K, 100% used [0x00000000eab00000,0x00000000eaf00000,0x00000000eaf00000)
  from space 1024K, 65% used [0x00000000eaf00000,0x00000000eafa8000,0x00000000eb000000)
  to   space 1024K, 0% used [0x00000000eb000000,0x00000000eb000000,0x00000000eb100000)
 ParOldGen       total 379904K, used 342649K [0x00000000c0000000, 0x00000000d7300000, 0x00000000eab00000)
  object space 379904K, 90% used [0x00000000c0000000,0x00000000d4e9e468,0x00000000d7300000)
 Metaspace       used 100040K, committed 101312K, reserved 1146880K
  class space    used 10030K, committed 10624K, reserved 1048576K
}
Event: 69010.561 GC heap after
{Heap after GC invocations=6022 (full 210):
 PSYoungGen      total 5120K, used 788K [0x00000000eab00000, 0x00000000eb100000, 0x0000000100000000)
  eden space 4096K, 0% used [0x00000000eab00000,0x00000000eab00000,0x00000000eaf00000)
  from space 1024K, 77% used [0x00000000eb000000,0x00000000eb0c5200,0x00000000eb100000)
  to   space 1024K, 0% used [0x00000000eaf00000,0x00000000eaf00000,0x00000000eb000000)
 ParOldGen       total 379904K, used 343141K [0x00000000c0000000, 0x00000000d7300000, 0x00000000eab00000)
  object space 379904K, 90% used [0x00000000c0000000,0x00000000d4f19690,0x00000000d7300000)
 Metaspace       used 100040K, committed 101312K, reserved 1146880K
  class space    used 10030K, committed 10624K, reserved 1048576K
}
Event: 69010.610 GC heap before
{Heap before GC invocations=6023 (full 210):
 PSYoungGen      total 5120K, used 4884K [0x00000000eab00000, 0x00000000eb100000, 0x0000000100000000)
  eden space 4096K, 100% used [0x00000000eab00000,0x00000000eaf00000,0x00000000eaf00000)
  from space 1024K, 77% used [0x00000000eb000000,0x00000000eb0c5200,0x00000000eb100000)
  to   space 1024K, 0% used [0x00000000eaf00000,0x00000000eaf00000,0x00000000eb000000)
 ParOldGen       total 379904K, used 343141K [0x00000000c0000000, 0x00000000d7300000, 0x00000000eab00000)
  object space 379904K, 90% used [0x00000000c0000000,0x00000000d4f19690,0x00000000d7300000)
 Metaspace       used 100040K, committed 101312K, reserved 1146880K
  class space    used 10030K, committed 10624K, reserved 1048576K
}
Event: 69010.612 GC heap after
{Heap after GC invocations=6023 (full 210):
 PSYoungGen      total 5120K, used 346K [0x00000000eab00000, 0x00000000eb080000, 0x0000000100000000)
  eden space 4096K, 0% used [0x00000000eab00000,0x00000000eab00000,0x00000000eaf00000)
  from space 1024K, 33% used [0x00000000eaf00000,0x00000000eaf56900,0x00000000eb000000)
  to   space 512K, 0% used [0x00000000eb000000,0x00000000eb000000,0x00000000eb080000)
 ParOldGen       total 379904K, used 343642K [0x00000000c0000000, 0x00000000d7300000, 0x00000000eab00000)
  object space 379904K, 90% used [0x00000000c0000000,0x00000000d4f968b0,0x00000000d7300000)
 Metaspace       used 100040K, committed 101312K, reserved 1146880K
  class space    used 10030K, committed 10624K, reserved 1048576K
}
Event: 69011.119 GC heap before
{Heap before GC invocations=6024 (full 210):
 PSYoungGen      total 5120K, used 4442K [0x00000000eab00000, 0x00000000eb080000, 0x0000000100000000)
  eden space 4096K, 99% used [0x00000000eab00000,0x00000000eaeffff0,0x00000000eaf00000)
  from space 1024K, 33% used [0x00000000eaf00000,0x00000000eaf56900,0x00000000eb000000)
  to   space 512K, 0% used [0x00000000eb000000,0x00000000eb000000,0x00000000eb080000)
 ParOldGen       total 379904K, used 343642K [0x00000000c0000000, 0x00000000d7300000, 0x00000000eab00000)
  object space 379904K, 90% used [0x00000000c0000000,0x00000000d4f968b0,0x00000000d7300000)
 Metaspace       used 100040K, committed 101312K, reserved 1146880K
  class space    used 10030K, committed 10624K, reserved 1048576K
}
Event: 69011.122 GC heap after
{Heap after GC invocations=6024 (full 210):
 PSYoungGen      total 4096K, used 500K [0x00000000eab00000, 0x00000000eb200000, 0x0000000100000000)
  eden space 3584K, 0% used [0x00000000eab00000,0x00000000eab00000,0x00000000eae80000)
  from space 512K, 97% used [0x00000000eb000000,0x00000000eb07d200,0x00000000eb080000)
  to   space 1536K, 0% used [0x00000000eae80000,0x00000000eae80000,0x00000000eb000000)
 ParOldGen       total 379904K, used 344086K [0x00000000c0000000, 0x00000000d7300000, 0x00000000eab00000)
  object space 379904K, 90% used [0x00000000c0000000,0x00000000d5005af0,0x00000000d7300000)
 Metaspace       used 100040K, committed 101312K, reserved 1146880K
  class space    used 10030K, committed 10624K, reserved 1048576K
}
Event: 69011.142 GC heap before
{Heap before GC invocations=6025 (full 210):
 PSYoungGen      total 4096K, used 4084K [0x00000000eab00000, 0x00000000eb200000, 0x0000000100000000)
  eden space 3584K, 100% used [0x00000000eab00000,0x00000000eae80000,0x00000000eae80000)
  from space 512K, 97% used [0x00000000eb000000,0x00000000eb07d200,0x00000000eb080000)
  to   space 1536K, 0% used [0x00000000eae80000,0x00000000eae80000,0x00000000eb000000)
 ParOldGen       total 379904K, used 344086K [0x00000000c0000000, 0x00000000d7300000, 0x00000000eab00000)
  object space 379904K, 90% used [0x00000000c0000000,0x00000000d5005af0,0x00000000d7300000)
 Metaspace       used 100040K, committed 101312K, reserved 1146880K
  class space    used 10030K, committed 10624K, reserved 1048576K
}

